2020-07-06 08:30:38:3038 [info] HTTP POST /provider/auth | [201] [31 ms] [localhost:3000]
2020-07-06 08:31:10:3110 [info] HTTP POST /provider/auth | [201] [23 ms] [localhost:3000]
2020-07-06 08:31:11:3111 [info] HTTP POST /provider/auth | [201] [8 ms] [localhost:3000]
2020-07-06 11:16:21:1621 [info] HTTP POST /provider/auth | [201] [50 ms] [localhost:3000]
2020-07-06 11:17:02:172 [info] HTTP POST /provider/auth | [201] [114 ms] [localhost:3000]
2020-07-06 11:18:15:1815 [info] HTTP POST /provider/auth | [201] [23 ms] [localhost:3000]
2020-07-06 11:18:28:1828 [info] HTTP POST /provider/auth | [201] [86 ms] [localhost:3000]
2020-07-06 11:20:45:2045 [info] HTTP GET /courses/search?name=test2 | [200] [16 ms] [localhost:3000]
2020-07-06 11:21:35:2135 [info] HTTP GET /courses/search?name=test | [200] [2 ms] [localhost:3000]
2020-07-06 11:25:31:2531 [info] HTTP GET /courses/search?name=test | [200] [12 ms] [localhost:3000]
2020-07-06 11:27:55:2755 [info] HTTP GET /courses/search?name=test | [200] [14 ms] [localhost:3000]
2020-07-06 11:28:19:2819 [info] HTTP GET /courses/search?courseName=test | [200] [37 ms] [localhost:3000]
2020-07-06 11:31:32:3132 [info] HTTP GET /courses/search?courseName=test | [200] [42 ms] [localhost:3000]
2020-07-06 11:34:48:3448 [info] HTTP GET /courses/search?courseName=test | [200] [31 ms] [localhost:3000]
2020-07-06 12:25:44:2544 [info] HTTP GET /courses/search?courseName=test | [200] [34 ms] [localhost:3000]
2020-07-06 14:53:16:5316 [info] HTTP POST /admin/add | [404] [6 ms] [localhost:3000]
2020-07-06 15:02:41:241 [info] HTTP POST /admin/add | [200] [79 ms] [localhost:3000]
2020-07-06 15:03:19:319 [info] HTTP POST /admin/auth | [500] [17 ms] [localhost:3000]
2020-07-06 15:05:03:53 [info] HTTP POST /admin/auth | [500] [29 ms] [localhost:3000]
2020-07-06 15:06:29:629 [info] HTTP POST /admin/auth | [500] [33 ms] [localhost:3000]
2020-07-06 15:14:39:1439 [info] HTTP POST /admin/auth | [500] [26 ms] [localhost:3000]
2020-07-06 15:28:44:2844 [info] HTTP POST /admin/add | [200] [38 ms] [localhost:3000]
2020-07-06 15:28:59:2859 [info] HTTP POST /admin/auth | [500] [17 ms] [localhost:3000]
2020-07-06 15:30:11:3011 [info] HTTP POST /admin/auth | [500] [5 ms] [localhost:3000]
2020-07-06 15:32:43:3243 [info] HTTP POST /admin/auth | [500] [28 ms] [localhost:3000]
2020-07-06 15:34:53:3453 [info] HTTP POST /admin/auth | [500] [49 ms] [localhost:3000]
2020-07-06 15:35:50:3550 [info] HTTP POST /admin/auth | [500] [54 ms] [localhost:3000]
2020-07-06 15:36:17:3617 [info] HTTP POST /admin/auth | [201] [29 ms] [localhost:3000]
2020-07-06 15:50:01:501 [info] HTTP POST /admin/auth | [201] [271 ms] [localhost:3000]
2020-07-06 15:54:25:5425 [info] HTTP POST /admin/auth | [400] [58 ms] [localhost:3000]
2020-07-06 15:56:45:5645 [info] HTTP POST /admin/auth | [400] [24 ms] [localhost:3000]
2020-07-06 15:57:00:570 [info] HTTP POST /admin/auth | [400] [23 ms] [localhost:3000]
2020-07-06 15:57:16:5716 [info] HTTP POST /admin/auth | [400] [36 ms] [localhost:3000]
2020-07-06 15:57:58:5758 [info] HTTP POST /admin/auth | [201] [29 ms] [localhost:3000]
2020-07-06 16:03:42:342 [info] HTTP POST /admin/auth | [201] [43 ms] [localhost:3000]
2020-07-06 17:22:01:221 [info] HTTP POST /admin/auth | [201] [24 ms] [localhost:3000]
